<?xml version="1.0" encoding="UTF-8" standalone="yes"?><!DOCTYPE report PUBLIC "-//JACOCO//DTD Report 1.1//EN" "report.dtd"><report name="Unicafe"><sessioninfo id="Aleksis-MBP.wlan-d76cac90" start="1584975784542" dump="1584975784921"/><sessioninfo id="Aleksis-MBP.wlan-b6dfea27" start="1584975881304" dump="1584975881696"/><sessioninfo id="Aleksis-MBP.wlan-85b3571d" start="1584975920407" dump="1584975920843"/><sessioninfo id="Aleksis-MBP.wlan-a2d81c2" start="1584978695611" dump="1584978695994"/><sessioninfo id="Aleksis-MBP.wlan-129b8552" start="1584978722521" dump="1584978723018"/><sessioninfo id="Aleksis-MBP.wlan-f1841da3" start="1584978841162" dump="1584978841570"/><sessioninfo id="Aleksis-MBP.wlan-5578387b" start="1584978890109" dump="1584978890569"/><sessioninfo id="Aleksis-MBP.wlan-8244e8f6" start="1584978976023" dump="1584978976446"/><sessioninfo id="Aleksis-MBP.wlan-f3a288a9" start="1584979020121" dump="1584979020637"/><sessioninfo id="Aleksis-MBP.wlan-9bb3dc4e" start="1584979083499" dump="1584979083944"/><sessioninfo id="Aleksis-MBP.wlan-90d8d414" start="1584979166330" dump="1584979166751"/><sessioninfo id="Aleksis-MBP.wlan-b3335450" start="1584979424927" dump="1584979425297"/><sessioninfo id="Aleksis-MBP.wlan-97e2deb2" start="1584979586403" dump="1584979586800"/><sessioninfo id="Aleksis-MBP.wlan-bf7cc8a9" start="1584979626374" dump="1584979626811"/><sessioninfo id="Aleksis-MBP.wlan-184e5e7e" start="1584979648681" dump="1584979649071"/><sessioninfo id="Aleksis-MBP.wlan-55b2a53c" start="1584979665134" dump="1584979665514"/><sessioninfo id="Aleksis-MBP.wlan-e88da51f" start="1584979756034" dump="1584979756465"/><sessioninfo id="Aleksis-MBP.wlan-fb569287" start="1584979778277" dump="1584979778659"/><sessioninfo id="Aleksis-MBP.wlan-e255432a" start="1584979808915" dump="1584979809398"/><sessioninfo id="Aleksis-MBP.wlan-9142ed72" start="1584979852736" dump="1584979853127"/><sessioninfo id="Aleksis-MBP.wlan-1e5d8892" start="1584980105862" dump="1584980106260"/><sessioninfo id="Aleksis-MBP.wlan-5feb926f" start="1584980141309" dump="1584980141684"/><sessioninfo id="Aleksis-MBP.wlan-1c18f621" start="1584980149396" dump="1584980149710"/><sessioninfo id="Aleksis-MBP.wlan-a5cc79d3" start="1584980355472" dump="1584980355850"/><sessioninfo id="Aleksis-MBP.wlan-cb37f21a" start="1584980557907" dump="1584980558304"/><sessioninfo id="Aleksis-MBP.wlan-695581cd" start="1584980858745" dump="1584980859281"/><package name="com/mycompany/unicafe"><class name="com/mycompany/unicafe/Paaohjelma" sourcefilename="Paaohjelma.java"><method name="&lt;init&gt;" desc="()V" line="3"><counter type="INSTRUCTION" missed="3" covered="0"/><counter type="LINE" missed="1" covered="0"/><counter type="COMPLEXITY" missed="1" covered="0"/><counter type="METHOD" missed="1" covered="0"/></method><method name="main" desc="([Ljava/lang/String;)V" line="6"><counter type="INSTRUCTION" missed="21" covered="0"/><counter type="LINE" missed="6" covered="0"/><counter type="COMPLEXITY" missed="1" covered="0"/><counter type="METHOD" missed="1" covered="0"/></method><counter type="INSTRUCTION" missed="24" covered="0"/><counter type="LINE" missed="7" covered="0"/><counter type="COMPLEXITY" missed="2" covered="0"/><counter type="METHOD" missed="2" covered="0"/><counter type="CLASS" missed="1" covered="0"/></class><class name="com/mycompany/unicafe/Maksukortti" sourcefilename="Maksukortti.java"><method name="&lt;init&gt;" desc="(I)V" line="8"><counter type="INSTRUCTION" missed="0" covered="6"/><counter type="LINE" missed="0" covered="3"/><counter type="COMPLEXITY" missed="0" covered="1"/><counter type="METHOD" missed="0" covered="1"/></method><method name="saldo" desc="()I" line="13"><counter type="INSTRUCTION" missed="3" covered="0"/><counter type="LINE" missed="1" covered="0"/><counter type="COMPLEXITY" missed="1" covered="0"/><counter type="METHOD" missed="1" covered="0"/></method><method name="lataaRahaa" desc="(I)V" line="17"><counter type="INSTRUCTION" missed="0" covered="7"/><counter type="LINE" missed="0" covered="2"/><counter type="COMPLEXITY" missed="0" covered="1"/><counter type="METHOD" missed="0" covered="1"/></method><method name="otaRahaa" desc="(I)Z" line="21"><counter type="INSTRUCTION" missed="0" covered="14"/><counter type="BRANCH" missed="0" covered="2"/><counter type="LINE" missed="0" covered="4"/><counter type="COMPLEXITY" missed="0" covered="2"/><counter type="METHOD" missed="0" covered="1"/></method><method name="toString" desc="()Ljava/lang/String;" line="31"><counter type="INSTRUCTION" missed="0" covered="23"/><counter type="LINE" missed="0" covered="3"/><counter type="COMPLEXITY" missed="0" covered="1"/><counter type="METHOD" missed="0" covered="1"/></method><counter type="INSTRUCTION" missed="3" covered="50"/><counter type="BRANCH" missed="0" covered="2"/><counter type="LINE" missed="1" covered="12"/><counter type="COMPLEXITY" missed="1" covered="5"/><counter type="METHOD" missed="1" covered="4"/><counter type="CLASS" missed="0" covered="1"/></class><class name="com/mycompany/unicafe/Kassapaate" sourcefilename="Kassapaate.java"><method name="&lt;init&gt;" desc="()V" line="10"><counter type="INSTRUCTION" missed="6" covered="0"/><counter type="LINE" missed="3" covered="0"/><counter type="COMPLEXITY" missed="1" covered="0"/><counter type="METHOD" missed="1" covered="0"/></method><method name="syoEdullisesti" desc="(I)I" line="15"><counter type="INSTRUCTION" missed="21" covered="0"/><counter type="BRANCH" missed="2" covered="0"/><counter type="LINE" missed="5" covered="0"/><counter type="COMPLEXITY" missed="2" covered="0"/><counter type="METHOD" missed="1" covered="0"/></method><method name="syoMaukkaasti" desc="(I)I" line="25"><counter type="INSTRUCTION" missed="21" covered="0"/><counter type="BRANCH" missed="2" covered="0"/><counter type="LINE" missed="5" covered="0"/><counter type="COMPLEXITY" missed="2" covered="0"/><counter type="METHOD" missed="1" covered="0"/></method><method name="syoEdullisesti" desc="(Lcom/mycompany/unicafe/Maksukortti;)Z" line="35"><counter type="INSTRUCTION" missed="18" covered="0"/><counter type="BRANCH" missed="2" covered="0"/><counter type="LINE" missed="5" covered="0"/><counter type="COMPLEXITY" missed="2" covered="0"/><counter type="METHOD" missed="1" covered="0"/></method><method name="syoMaukkaasti" desc="(Lcom/mycompany/unicafe/Maksukortti;)Z" line="45"><counter type="INSTRUCTION" missed="18" covered="0"/><counter type="BRANCH" missed="2" covered="0"/><counter type="LINE" missed="5" covered="0"/><counter type="COMPLEXITY" missed="2" covered="0"/><counter type="METHOD" missed="1" covered="0"/></method><method name="lataaRahaaKortille" desc="(Lcom/mycompany/unicafe/Maksukortti;I)V" line="55"><counter type="INSTRUCTION" missed="14" covered="0"/><counter type="BRANCH" missed="2" covered="0"/><counter type="LINE" missed="5" covered="0"/><counter type="COMPLEXITY" missed="2" covered="0"/><counter type="METHOD" missed="1" covered="0"/></method><method name="kassassaRahaa" desc="()I" line="64"><counter type="INSTRUCTION" missed="3" covered="0"/><counter type="LINE" missed="1" covered="0"/><counter type="COMPLEXITY" missed="1" covered="0"/><counter type="METHOD" missed="1" covered="0"/></method><method name="maukkaitaLounaitaMyyty" desc="()I" line="68"><counter type="INSTRUCTION" missed="3" covered="0"/><counter type="LINE" missed="1" covered="0"/><counter type="COMPLEXITY" missed="1" covered="0"/><counter type="METHOD" missed="1" covered="0"/></method><method name="edullisiaLounaitaMyyty" desc="()I" line="72"><counter type="INSTRUCTION" missed="3" covered="0"/><counter type="LINE" missed="1" covered="0"/><counter type="COMPLEXITY" missed="1" covered="0"/><counter type="METHOD" missed="1" covered="0"/></method><counter type="INSTRUCTION" missed="107" covered="0"/><counter type="BRANCH" missed="10" covered="0"/><counter type="LINE" missed="31" covered="0"/><counter type="COMPLEXITY" missed="14" covered="0"/><counter type="METHOD" missed="9" covered="0"/><counter type="CLASS" missed="1" covered="0"/></class><sourcefile name="Paaohjelma.java"><line nr="3" mi="3" ci="0" mb="0" cb="0"/><line nr="6" mi="4" ci="0" mb="0" cb="0"/><line nr="7" mi="5" ci="0" mb="0" cb="0"/><line nr="9" mi="4" ci="0" mb="0" cb="0"/><line nr="11" mi="4" ci="0" mb="0" cb="0"/><line nr="12" mi="3" ci="0" mb="0" cb="0"/><line nr="13" mi="1" ci="0" mb="0" cb="0"/><counter type="INSTRUCTION" missed="24" covered="0"/><counter type="LINE" missed="7" covered="0"/><counter type="COMPLEXITY" missed="2" covered="0"/><counter type="METHOD" missed="2" covered="0"/><counter type="CLASS" missed="1" covered="0"/></sourcefile><sourcefile name="Maksukortti.java"><line nr="8" mi="0" ci="2" mb="0" cb="0"/><line nr="9" mi="0" ci="3" mb="0" cb="0"/><line nr="10" mi="0" ci="1" mb="0" cb="0"/><line nr="13" mi="3" ci="0" mb="0" cb="0"/><line nr="17" mi="0" ci="6" mb="0" cb="0"/><line nr="18" mi="0" ci="1" mb="0" cb="0"/><line nr="21" mi="0" ci="4" mb="0" cb="2"/><line nr="22" mi="0" ci="2" mb="0" cb="0"/><line nr="25" mi="0" ci="6" mb="0" cb="0"/><line nr="26" mi="0" ci="2" mb="0" cb="0"/><line nr="31" mi="0" ci="5" mb="0" cb="0"/><line nr="32" mi="0" ci="5" mb="0" cb="0"/><line nr="33" mi="0" ci="13" mb="0" cb="0"/><counter type="INSTRUCTION" missed="3" covered="50"/><counter type="BRANCH" missed="0" covered="2"/><counter type="LINE" missed="1" covered="12"/><counter type="COMPLEXITY" missed="1" covered="5"/><counter type="METHOD" missed="1" covered="4"/><counter type="CLASS" missed="0" covered="1"/></sourcefile><sourcefile name="Kassapaate.java"><line nr="10" mi="2" ci="0" mb="0" cb="0"/><line nr="11" mi="3" ci="0" mb="0" cb="0"/><line nr="12" mi="1" ci="0" mb="0" cb="0"/><line nr="15" mi="3" ci="0" mb="2" cb="0"/><line nr="16" mi="6" ci="0" mb="0" cb="0"/><line nr="17" mi="6" ci="0" mb="0" cb="0"/><line nr="18" mi="4" ci="0" mb="0" cb="0"/><line nr="20" mi="2" ci="0" mb="0" cb="0"/><line nr="25" mi="3" ci="0" mb="2" cb="0"/><line nr="26" mi="6" ci="0" mb="0" cb="0"/><line nr="27" mi="6" ci="0" mb="0" cb="0"/><line nr="28" mi="4" ci="0" mb="0" cb="0"/><line nr="30" mi="2" ci="0" mb="0" cb="0"/><line nr="35" mi="4" ci="0" mb="2" cb="0"/><line nr="36" mi="4" ci="0" mb="0" cb="0"/><line nr="37" mi="6" ci="0" mb="0" cb="0"/><line nr="38" mi="2" ci="0" mb="0" cb="0"/><line nr="40" mi="2" ci="0" mb="0" cb="0"/><line nr="45" mi="4" ci="0" mb="2" cb="0"/><line nr="46" mi="4" ci="0" mb="0" cb="0"/><line nr="47" mi="6" ci="0" mb="0" cb="0"/><line nr="48" mi="2" ci="0" mb="0" cb="0"/><line nr="50" mi="2" ci="0" mb="0" cb="0"/><line nr="55" mi="2" ci="0" mb="2" cb="0"/><line nr="56" mi="3" ci="0" mb="0" cb="0"/><line nr="57" mi="7" ci="0" mb="0" cb="0"/><line nr="59" mi="1" ci="0" mb="0" cb="0"/><line nr="61" mi="1" ci="0" mb="0" cb="0"/><line nr="64" mi="3" ci="0" mb="0" cb="0"/><line nr="68" mi="3" ci="0" mb="0" cb="0"/><line nr="72" mi="3" ci="0" mb="0" cb="0"/><counter type="INSTRUCTION" missed="107" covered="0"/><counter type="BRANCH" missed="10" covered="0"/><counter type="LINE" missed="31" covered="0"/><counter type="COMPLEXITY" missed="14" covered="0"/><counter type="METHOD" missed="9" covered="0"/><counter type="CLASS" missed="1" covered="0"/></sourcefile><counter type="INSTRUCTION" missed="134" covered="50"/><counter type="BRANCH" missed="10" covered="2"/><counter type="LINE" missed="39" covered="12"/><counter type="COMPLEXITY" missed="17" covered="5"/><counter type="METHOD" missed="12" covered="4"/><counter type="CLASS" missed="2" covered="1"/></package><counter type="INSTRUCTION" missed="134" covered="50"/><counter type="BRANCH" missed="10" covered="2"/><counter type="LINE" missed="39" covered="12"/><counter type="COMPLEXITY" missed="17" covered="5"/><counter type="METHOD" missed="12" covered="4"/><counter type="CLASS" missed="2" covered="1"/></report>